[2023-10-16 15:50:11,390] multiqc                                            [DEBUG  ]  This is MultiQC v1.12
[2023-10-16 15:50:11,390] multiqc                                            [DEBUG  ]  No MultiQC config found: /usr/lib/python3/dist-packages/multiqc_config.yaml
[2023-10-16 15:50:11,390] multiqc                                            [DEBUG  ]  No MultiQC config found: /home/bio/.multiqc_config.yaml
[2023-10-16 15:50:11,390] multiqc                                            [DEBUG  ]  No MultiQC config found: multiqc_config.yaml
[2023-10-16 15:50:11,390] multiqc                                            [DEBUG  ]  Command used: /usr/bin/multiqc .
[2023-10-16 15:50:25,288] multiqc                                            [WARNING]  MultiQC Version v1.16 now available!
[2023-10-16 15:50:25,288] multiqc                                            [DEBUG  ]  Command     : /usr/bin/multiqc .
[2023-10-16 15:50:25,288] multiqc                                            [DEBUG  ]  Working dir : /home/bio/projects/course/reports
[2023-10-16 15:50:25,288] multiqc                                            [DEBUG  ]  Template    : default
[2023-10-16 15:50:25,288] multiqc                                            [DEBUG  ]  Running Python 3.10.12 (main, Jun 11 2023, 05:26:28) [GCC 11.4.0]
[2023-10-16 15:50:25,289] multiqc                                            [DEBUG  ]  Analysing modules: custom_content, ccs, ngsderive, purple, conpair, lima, peddy, somalier, methylQA, mosdepth, phantompeakqualtools, qualimap, preseq, quast, qorts, rna_seqc, rockhopper, rsem, rseqc, busco, bustools, goleft_indexcov, gffcompare, disambiguate, supernova, deeptools, sargasso, verifybamid, mirtrace, happy, mirtop, sambamba, homer, hops, macs2, theta2, snpeff, gatk, htseq, bcftools, featureCounts, fgbio, dragen, dedup, pbmarkdup, damageprofiler, biobambam2, jcvi, mtnucratio, picard, vep, sentieon, prokka, qc3C, nanostat, samblaster, samtools, sexdeterrmine, eigenstratdatabasetools, bamtools, jellyfish, vcftools, longranger, stacks, varscan2, snippy, bbmap, bismark, biscuit, hicexplorer, hicup, hicpro, salmon, kallisto, slamdunk, star, hisat2, tophat, bowtie2, bowtie1, snpsplit, odgi, pangolin, kat, leehom, adapterRemoval, clipandmerge, cutadapt, flexbar, kaiju, kraken, malt, trimmomatic, sickle, skewer, sortmerna, biobloomtools, fastq_screen, afterqc, fastp, fastqc, pychopper, pycoqc, minionqc, multivcfanalyzer, clusterflow, checkqc, bcl2fastq, bclconvert, interop, ivar, flash, seqyclean, optitype, whatshap
[2023-10-16 15:50:25,289] multiqc                                            [DEBUG  ]  Using temporary directory for creating report: /tmp/tmpy6uchese
[2023-10-16 15:50:25,290] multiqc                                            [INFO   ]  Search path : /home/bio/projects/course/reports
[2023-10-16 15:50:25,350] multiqc                                            [DEBUG  ]  File ignored by ccs/v4 because it exceeded search pattern filesize limit: ERR5743893_2_fastqc.html
[2023-10-16 15:50:25,352] multiqc                                            [DEBUG  ]  File ignored by hicexplorer because it exceeded search pattern filesize limit: ERR5743893_2_fastqc.html
[2023-10-16 15:50:25,352] multiqc                                            [DEBUG  ]  File ignored by lima/summary because it exceeded search pattern filesize limit: ERR5743893_2_fastqc.html
[2023-10-16 15:50:25,355] multiqc                                            [DEBUG  ]  File ignored by vep/vep_txt because it exceeded search pattern filesize limit: ERR5743893_2_fastqc.html
[2023-10-16 15:50:25,356] multiqc                                            [DEBUG  ]  File ignored by longranger/invocation because it exceeded search pattern filesize limit: ERR5743893_2_fastqc.html
[2023-10-16 15:50:25,356] multiqc                                            [DEBUG  ]  File ignored by rockhopper because it exceeded search pattern filesize limit: ERR5743893_2_fastqc.html
[2023-10-16 15:50:25,356] multiqc                                            [DEBUG  ]  File ignored by rseqc/bam_stat because it exceeded search pattern filesize limit: ERR5743893_2_fastqc.html
[2023-10-16 15:50:25,356] multiqc                                            [DEBUG  ]  File ignored by rseqc/junction_annotation because it exceeded search pattern filesize limit: ERR5743893_2_fastqc.html
[2023-10-16 15:50:25,356] multiqc                                            [DEBUG  ]  File ignored by rseqc/read_distribution because it exceeded search pattern filesize limit: ERR5743893_2_fastqc.html
[2023-10-16 15:50:25,356] multiqc                                            [DEBUG  ]  File ignored by rseqc/infer_experiment because it exceeded search pattern filesize limit: ERR5743893_2_fastqc.html
[2023-10-16 15:50:25,459] multiqc                                            [DEBUG  ]  File ignored by nanostat because it exceeded search pattern filesize limit: ERR5743893_2_fastqc.html
[2023-10-16 15:50:25,471] multiqc                                            [DEBUG  ]  File ignored by ccs/v4 because it exceeded search pattern filesize limit: ERR5743893_1_fastqc.html
[2023-10-16 15:50:25,472] multiqc                                            [DEBUG  ]  File ignored by hicexplorer because it exceeded search pattern filesize limit: ERR5743893_1_fastqc.html
[2023-10-16 15:50:25,472] multiqc                                            [DEBUG  ]  File ignored by lima/summary because it exceeded search pattern filesize limit: ERR5743893_1_fastqc.html
[2023-10-16 15:50:25,474] multiqc                                            [DEBUG  ]  File ignored by vep/vep_txt because it exceeded search pattern filesize limit: ERR5743893_1_fastqc.html
[2023-10-16 15:50:25,474] multiqc                                            [DEBUG  ]  File ignored by longranger/invocation because it exceeded search pattern filesize limit: ERR5743893_1_fastqc.html
[2023-10-16 15:50:25,474] multiqc                                            [DEBUG  ]  File ignored by rockhopper because it exceeded search pattern filesize limit: ERR5743893_1_fastqc.html
[2023-10-16 15:50:25,474] multiqc                                            [DEBUG  ]  File ignored by rseqc/bam_stat because it exceeded search pattern filesize limit: ERR5743893_1_fastqc.html
[2023-10-16 15:50:25,474] multiqc                                            [DEBUG  ]  File ignored by rseqc/junction_annotation because it exceeded search pattern filesize limit: ERR5743893_1_fastqc.html
[2023-10-16 15:50:25,474] multiqc                                            [DEBUG  ]  File ignored by rseqc/read_distribution because it exceeded search pattern filesize limit: ERR5743893_1_fastqc.html
[2023-10-16 15:50:25,475] multiqc                                            [DEBUG  ]  File ignored by rseqc/infer_experiment because it exceeded search pattern filesize limit: ERR5743893_1_fastqc.html
[2023-10-16 15:50:25,586] multiqc                                            [DEBUG  ]  File ignored by nanostat because it exceeded search pattern filesize limit: ERR5743893_1_fastqc.html
[2023-10-16 15:50:26,148] multiqc.plots.linegraph                            [DEBUG  ]  Using matplotlib version 3.7.1
[2023-10-16 15:50:26,149] multiqc.plots.bargraph                             [DEBUG  ]  Using matplotlib version 3.7.1
[2023-10-16 15:50:26,173] multiqc.modules.fastqc.fastqc                      [INFO   ]  Found 2 reports
[2023-10-16 15:50:26,239] multiqc                                            [INFO   ]  Compressing plot data
[2023-10-16 15:50:26,293] multiqc                                            [INFO   ]  Report      : multiqc_report.html
[2023-10-16 15:50:26,293] multiqc                                            [INFO   ]  Data        : multiqc_data
[2023-10-16 15:50:26,293] multiqc                                            [DEBUG  ]  Moving data file from '/tmp/tmpy6uchese/multiqc_data' to '/home/bio/projects/course/reports/multiqc_data'
[2023-10-16 15:50:26,415] multiqc                                            [INFO   ]  MultiQC complete
